<?xml version="1.0" encoding="UTF-8"?>
<testsuite xmlns:xsi="http://www.w3.org/2001/XMLSchema-instance" xsi:noNamespaceSchemaLocation="https://maven.apache.org/surefire/maven-surefire-plugin/xsd/surefire-test-report.xsd" name="de.lubowiecki.csv2pdf.CsvReaderTest" time="0.13" tests="3" errors="0" skipped="0" failures="0">
  <properties>
[...]
</properties>
  <testcase name="testReadNoFile" classname="de.lubowiecki.csv2pdf.CsvReaderTest" time="0.023"/>
  <testcase name="testWhenRead_thenRow1Equals" classname="de.lubowiecki.csv2pdf.CsvReaderTest" time="0.036"/>
  <testcase name="testReadRow2" classname="de.lubowiecki.csv2pdf.CsvReaderTest" time="0.001"/>
</testsuite>